<?xml version="1.0" encoding="UTF-8"?>
<!-- Generated by org.testng.reporters.JUnitXMLReporter -->
<testsuite ignored="9" hostname="Bharath" failures="0" tests="2" name="Test" time="88.354" errors="0" timestamp="2025-04-04T00:37:18 IST">
  <testcase classname="com.creatio.crm.application.tests.ApplicationTest" name="verifyCookiesPopUpSwitchButtons" time="5.521"/>
  <testcase classname="com.creatio.crm.application.tests.ApplicationTest" name="verifySignUpForNewUserAccount" time="79.475"/>
  <testcase classname="com.creatio.crm.application.tests.ApplicationTest" name="verifyCookiesPopUpLogos" time="0.0">
    <ignored/>
  </testcase> <!-- verifyCookiesPopUpLogos -->
  <testcase classname="com.creatio.crm.application.tests.ApplicationTest" name="verifyCookiesPopUp" time="0.0">
    <ignored/>
  </testcase> <!-- verifyCookiesPopUp -->
  <testcase classname="com.creatio.crm.application.tests.ApplicationTest" name="verifyCookiesPopUpSelectionButtons" time="0.0">
    <ignored/>
  </testcase> <!-- verifyCookiesPopUpSelectionButtons -->
  <testcase classname="com.creatio.crm.application.tests.ApplicationTest" name="verifyCookiesPopUpExpandedView" time="0.0">
    <ignored/>
  </testcase> <!-- verifyCookiesPopUpExpandedView -->
  <testcase classname="com.creatio.crm.application.tests.ApplicationTest" name="verifySignUpPage" time="0.0">
    <ignored/>
  </testcase> <!-- verifySignUpPage -->
  <testcase classname="com.creatio.crm.application.tests.ApplicationTest" name="verifyCookiesPopUpContent" time="0.0">
    <ignored/>
  </testcase> <!-- verifyCookiesPopUpContent -->
  <testcase classname="com.creatio.crm.application.tests.ApplicationTest" name="verifyCookiesSelectionByAllowingCookies" time="0.0">
    <ignored/>
  </testcase> <!-- verifyCookiesSelectionByAllowingCookies -->
  <testcase classname="com.creatio.crm.application.tests.ApplicationTest" name="verifyApplicationLogin" time="0.0">
    <ignored/>
  </testcase> <!-- verifyApplicationLogin -->
  <testcase classname="com.creatio.crm.application.tests.ApplicationTest" name="verifyCookiesSelectionByDenyingCookies" time="0.0">
    <ignored/>
  </testcase> <!-- verifyCookiesSelectionByDenyingCookies -->
</testsuite> <!-- Test -->
