<?xml version="1.0" encoding="UTF-8"?>
<testng-results ignored="9" total="11" passed="2" failed="0" skipped="0">
  <reporter-output>
  </reporter-output>
  <suite started-at="2025-04-04T00:35:50 IST" name="Suite" finished-at="2025-04-04T00:37:18 IST" duration-ms="88354">
    <groups>
    </groups>
    <test started-at="2025-04-04T00:35:50 IST" name="Test" finished-at="2025-04-04T00:37:18 IST" duration-ms="88354">
      <class name="com.creatio.crm.application.tests.ApplicationTest">
        <test-method is-config="true" signature="setupReport()[pri:0, instance:com.creatio.crm.application.tests.ApplicationTest@4ec4f3a0]" started-at="2025-04-04T00:35:50 IST" name="setupReport" finished-at="2025-04-04T00:35:50 IST" duration-ms="115" status="PASS">
          <reporter-output>
          </reporter-output>
        </test-method> <!-- setupReport -->
        <test-method is-config="true" signature="setupBrowser(java.lang.String)[pri:0, instance:com.creatio.crm.application.tests.ApplicationTest@4ec4f3a0]" started-at="2025-04-04T00:35:50 IST" name="setupBrowser" finished-at="2025-04-04T00:35:51 IST" duration-ms="1372" status="PASS">
          <params>
            <param index="0">
              <value>
                <![CDATA[chrome]]>
              </value>
            </param>
          </params>
          <reporter-output>
          </reporter-output>
        </test-method> <!-- setupBrowser -->
        <test-method is-config="true" signature="initializePageObjects()[pri:0, instance:com.creatio.crm.application.tests.ApplicationTest@4ec4f3a0]" started-at="2025-04-04T00:35:51 IST" name="initializePageObjects" finished-at="2025-04-04T00:35:51 IST" depends-on-methods="com.creatio.crm.framework.base.BasePage.setupBrowser" duration-ms="20" status="PASS">
          <reporter-output>
          </reporter-output>
        </test-method> <!-- initializePageObjects -->
        <test-method signature="verifyCookiesPopUpSwitchButtons()[pri:5, instance:com.creatio.crm.application.tests.ApplicationTest@4ec4f3a0]" started-at="2025-04-04T00:35:51 IST" name="verifyCookiesPopUpSwitchButtons" finished-at="2025-04-04T00:35:57 IST" duration-ms="5521" status="PASS">
          <reporter-output>
          </reporter-output>
        </test-method> <!-- verifyCookiesPopUpSwitchButtons -->
        <test-method is-config="true" signature="tearDownBrowser()[pri:0, instance:com.creatio.crm.application.tests.ApplicationTest@4ec4f3a0]" started-at="2025-04-04T00:35:57 IST" name="tearDownBrowser" finished-at="2025-04-04T00:35:57 IST" duration-ms="151" status="PASS">
          <reporter-output>
          </reporter-output>
        </test-method> <!-- tearDownBrowser -->
        <test-method is-config="true" signature="setupBrowser(java.lang.String)[pri:0, instance:com.creatio.crm.application.tests.ApplicationTest@4ec4f3a0]" started-at="2025-04-04T00:35:57 IST" name="setupBrowser" finished-at="2025-04-04T00:35:58 IST" duration-ms="880" status="PASS">
          <params>
            <param index="0">
              <value>
                <![CDATA[chrome]]>
              </value>
            </param>
          </params>
          <reporter-output>
          </reporter-output>
        </test-method> <!-- setupBrowser -->
        <test-method is-config="true" signature="initializePageObjects()[pri:0, instance:com.creatio.crm.application.tests.ApplicationTest@4ec4f3a0]" started-at="2025-04-04T00:35:58 IST" name="initializePageObjects" finished-at="2025-04-04T00:35:58 IST" depends-on-methods="com.creatio.crm.framework.base.BasePage.setupBrowser" duration-ms="1" status="PASS">
          <reporter-output>
          </reporter-output>
        </test-method> <!-- initializePageObjects -->
        <test-method signature="verifySignUpForNewUserAccount(java.lang.String,java.lang.String)[pri:10, instance:com.creatio.crm.application.tests.ApplicationTest@4ec4f3a0]" started-at="2025-04-04T00:35:58 IST" name="verifySignUpForNewUserAccount" data-provider="data" finished-at="2025-04-04T00:37:18 IST" duration-ms="79475" status="PASS">
          <params>
            <param index="0">
              <value>
                <![CDATA[BharathTechAcademy@gmail.com]]>
              </value>
            </param>
            <param index="1">
              <value>
                <![CDATA[BharathTechAcademy@123]]>
              </value>
            </param>
          </params>
          <reporter-output>
          </reporter-output>
        </test-method> <!-- verifySignUpForNewUserAccount -->
        <test-method is-config="true" signature="tearDownBrowser()[pri:0, instance:com.creatio.crm.application.tests.ApplicationTest@4ec4f3a0]" started-at="2025-04-04T00:37:18 IST" name="tearDownBrowser" finished-at="2025-04-04T00:37:18 IST" duration-ms="154" status="PASS">
          <reporter-output>
          </reporter-output>
        </test-method> <!-- tearDownBrowser -->
      </class> <!-- com.creatio.crm.application.tests.ApplicationTest -->
    </test> <!-- Test -->
  </suite> <!-- Suite -->
</testng-results>
